<?xml version="1.0" encoding="UTF-8"?>
<!-- Generated by org.testng.reporters.JUnitReportReporter -->
<testsuite hostname="CD-L-0229" failures="0" tests="1" name="StepDefinitions.TestRunner" time="77.763" errors="0" timestamp="2025-06-25T16:41:59 IST" skipped="0">
  <testcase classname="StepDefinitions.TestRunner" name="runScenario" time="77.763"/>
</testsuite> <!-- StepDefinitions.TestRunner -->
