<?xml version="1.0" encoding="UTF-8"?>
<!-- Generated by org.testng.reporters.JUnitReportReporter -->
<testsuite hostname="PRA" failures="0" tests="1" name="utils.ExtentReportGeneratorTest" time="0.018" errors="0" timestamp="2025-05-08T19:01:06 IST" skipped="0">
  <testcase classname="utils.ExtentReportGeneratorTest" name="generateReport" time="0.018"/>
  <system-out/>
</testsuite> <!-- utils.ExtentReportGeneratorTest -->
