<?xml version="1.0" encoding="UTF-8"?>
<!-- Generated by org.testng.reporters.JUnitReportReporter -->
<testsuite hostname="CD-L-0229" failures="1" tests="1" name="StepDefinitions.TestRunner" time="50.532" errors="0" timestamp="2025-06-26T23:17:27 IST" skipped="0">
  <testcase classname="StepDefinitions.TestRunner" name="runScenario" time="50.532">
    <failure message=" UI value &#039;0 °F&#039; does not match published payload &#039;81&#039;" type="java.lang.AssertionError">
      <![CDATA[java.lang.AssertionError:  UI value '0 °F' does not match published payload '81'
at mqttPages.MqttPage.publishAndVerifySingleCard(MqttPage.java:156)
at mqttStepDefinitions.MqttSteps.user_publishes_random_payload_from_excel_row_and_verifies_ui_label(MqttSteps.java:80)
at ✽.User publishes random payload from Excel sheet "Unit Settings" row 29 and verifies UI Label(file:///C:/Users/PrakashArulmani/eclipse-workspace/Aaon%20Stratus/src/test/resources/MqttFeatures/Config/MqttUnitSettings.feature:60)
]]>
    </failure>
  </testcase> <!-- runScenario -->
</testsuite> <!-- StepDefinitions.TestRunner -->
